<?xml version="1.0" encoding="UTF-8"?>
<testsuite name="com.studentapp.junit.studentsinfo.FirstSerenityTest" time="0.974" tests="8" errors="2" skipped="3" failures="1">
  <properties>
[...]
</properties>
  <testcase name="thisIsASkippedTest" classname="com.studentapp.junit.studentsinfo.FirstSerenityTest" time="0">
    <skipped/>
    <system-err><![CDATA[9753 [main] INFO net.serenitybdd.core.Serenity - 
        __    _____ _____ ____ _____   ____   _    ____  ____  _____ ____  
  _     \ \  |_   _| ____/ ___|_   _| |  _ \ / \  / ___|/ ___|| ____|  _ \ 
 (_)_____| |   | | |  _| \___ \ | |   | |_) / _ \ \___ \\___ \|  _| | | | |
  _|_____| |   | | | |___ ___) || |   |  __/ ___ \ ___) |___) | |___| |_| |
 (_)     | |   |_| |_____|____/ |_|   |_| /_/   \_\____/|____/|_____|____/ 
        /_/                                                                

TEST PASSED: Get all students
----------------------------------------------------------------------------
9973 [pool-1-thread-2] INFO net.thucydides.core.reports.json.JSONTestOutcomeReporter - Generating JSON report for This is atest with error to file C:\serenityBDD\StudentApp\target\site\serenity\f41dc79f9a6dcc842d4c05be9ad2fe9f7bea7850e9b01369654acb71cb0883c6.json (using temp file C:\serenityBDD\StudentApp\target\site\serenity\f41dc79f9a6dcc842d4c05be9ad2fe9f7bea7850e9b01369654acb71cb0883c6.json5a6ed45a-0cfc-4c09-a3e1-b9a05541ba9e)
9993 [pool-1-thread-3] INFO net.thucydides.core.reports.json.JSONTestOutcomeReporter - Generating JSON report for This test will get the information of all the students from the Student App to file C:\serenityBDD\StudentApp\target\site\serenity\028e78f04f515f337ffdcf13e9a22b7446fe191d1bc7182b8d3608c40fa4999a.json (using temp file C:\serenityBDD\StudentApp\target\site\serenity\028e78f04f515f337ffdcf13e9a22b7446fe191d1bc7182b8d3608c40fa4999a.json6fd10c71-a814-4bde-ad70-e83477f867ac)
10002 [pool-1-thread-2] INFO net.thucydides.core.reports.json.JSONTestOutcomeReporter - Generating JSON report for This is a manual test to file C:\serenityBDD\StudentApp\target\site\serenity\c43b3bfcd4dfc8eebec4b38b8edbd38d3bcd7e4c3f00570b3baf53e51b0b8534.json (using temp file C:\serenityBDD\StudentApp\target\site\serenity\c43b3bfcd4dfc8eebec4b38b8edbd38d3bcd7e4c3f00570b3baf53e51b0b8534.jsonaf54ae0f-39b7-466a-84a7-6863e34cee7a)
10007 [pool-1-thread-2] INFO net.thucydides.core.reports.json.JSONTestOutcomeReporter - Generating JSON report for This isa failing to file C:\serenityBDD\StudentApp\target\site\serenity\848df67666867e8c1e8e53f044d2e5d434f1c23436ba9fa9893b35278829a6e5.json (using temp file C:\serenityBDD\StudentApp\target\site\serenity\848df67666867e8c1e8e53f044d2e5d434f1c23436ba9fa9893b35278829a6e5.jsonbe6ce13d-bf20-41e1-b3c1-9e8b9bb0a2cf)
10010 [pool-1-thread-1] INFO net.thucydides.core.reports.json.JSONTestOutcomeReporter - Generating JSON report for This is a skipped test to file C:\serenityBDD\StudentApp\target\site\serenity\011d4dce5f2378d3205653ae6f534d8365ff0a238bbde9077cb165c3b4d82261.json (using temp file C:\serenityBDD\StudentApp\target\site\serenity\011d4dce5f2378d3205653ae6f534d8365ff0a238bbde9077cb165c3b4d82261.json63110131-8417-43e9-83ad-80dc4d63d283)
10016 [pool-1-thread-1] INFO net.thucydides.core.reports.json.JSONTestOutcomeReporter - Generating JSON report for File does not exist to file C:\serenityBDD\StudentApp\target\site\serenity\51d8c81928f3479f2849ca8609b9b4aec54a7567e475e6999d7aade2da4817e5.json (using temp file C:\serenityBDD\StudentApp\target\site\serenity\51d8c81928f3479f2849ca8609b9b4aec54a7567e475e6999d7aade2da4817e5.jsonf4e47fab-2424-46ce-a4bf-d07f4b268d7b)
10020 [pool-1-thread-4] INFO net.thucydides.core.reports.json.JSONTestOutcomeReporter - Generating JSON report for This is a pending test to file C:\serenityBDD\StudentApp\target\site\serenity\8561c7451d7695f64e55fff3bc6446d2d62c132fc2bb6335e5135d056a170d9e.json (using temp file C:\serenityBDD\StudentApp\target\site\serenity\8561c7451d7695f64e55fff3bc6446d2d62c132fc2bb6335e5135d056a170d9e.jsonc90b2d69-8c73-405a-85e6-89b7b22f34d8)
10022 [pool-1-thread-1] INFO net.thucydides.core.reports.json.JSONTestOutcomeReporter - Generating JSON report for Get all students to file C:\serenityBDD\StudentApp\target\site\serenity\908a8a0d80284bf750c30b9f1ee10df30b86a586e6c1804f5c4188aa78bbf766.json (using temp file C:\serenityBDD\StudentApp\target\site\serenity\908a8a0d80284bf750c30b9f1ee10df30b86a586e6c1804f5c4188aa78bbf766.json68c4bd8b-5485-4bc4-83c9-8e69666ff53b)
10867 [pool-1-thread-1] INFO net.thucydides.core.reports.html.HtmlAcceptanceTestReporter - GENERATING HTML REPORT FOR Second serenity test:thisIsAPendingTest in 8561c7451d7695f64e55fff3bc6446d2d62c132fc2bb6335e5135d056a170d9e.html in directory target\site\serenity  
10927 [pool-1-thread-2] INFO net.thucydides.core.reports.html.HtmlAcceptanceTestReporter - GENERATING HTML REPORT FOR Second serenity test:thisIsAtestWithError in f41dc79f9a6dcc842d4c05be9ad2fe9f7bea7850e9b01369654acb71cb0883c6.html in directory target\site\serenity  
10958 [pool-1-thread-4] INFO net.thucydides.core.reports.html.HtmlAcceptanceTestReporter - GENERATING HTML REPORT FOR Second serenity test:thisIsASkippedTest in 011d4dce5f2378d3205653ae6f534d8365ff0a238bbde9077cb165c3b4d82261.html in directory target\site\serenity  
10987 [pool-1-thread-3] INFO net.thucydides.core.reports.html.HtmlAcceptanceTestReporter - GENERATING HTML REPORT FOR Second serenity test:test01 in 028e78f04f515f337ffdcf13e9a22b7446fe191d1bc7182b8d3608c40fa4999a.html in directory target\site\serenity  
11650 [pool-1-thread-2] INFO net.thucydides.core.reports.html.HtmlAcceptanceTestReporter - GENERATING HTML REPORT FOR Second serenity test:thisIsAManualTest in c43b3bfcd4dfc8eebec4b38b8edbd38d3bcd7e4c3f00570b3baf53e51b0b8534.html in directory target\site\serenity  
11664 [pool-1-thread-2] INFO net.thucydides.core.reports.html.HtmlAcceptanceTestReporter - GENERATING HTML REPORT FOR Second serenity test:fileDoesNotExist in 51d8c81928f3479f2849ca8609b9b4aec54a7567e475e6999d7aade2da4817e5.html in directory target\site\serenity  
11681 [pool-1-thread-3] INFO net.thucydides.core.reports.html.HtmlAcceptanceTestReporter - GENERATING HTML REPORT FOR Second serenity test:getAllStudents in 908a8a0d80284bf750c30b9f1ee10df30b86a586e6c1804f5c4188aa78bbf766.html in directory target\site\serenity  
11775 [pool-1-thread-4] INFO net.thucydides.core.reports.html.HtmlAcceptanceTestReporter - GENERATING HTML REPORT FOR Second serenity test:thisIsaFailing in 848df67666867e8c1e8e53f044d2e5d434f1c23436ba9fa9893b35278829a6e5.html in directory target\site\serenity  
11971 [main] INFO net.serenitybdd.core.Serenity - Test Suite Started: First serenity test
12139 [main] INFO net.serenitybdd.core.Serenity - 
 _____ _____ ____ _____   ____ _____  _    ____ _____ _____ ____  
|_   _| ____/ ___|_   _| / ___|_   _|/ \  |  _ \_   _| ____|  _ \ 
  | | |  _| \___ \ | |   \___ \ | | / _ \ | |_) || | |  _| | | | |
  | | | |___ ___) || |    ___) || |/ ___ \|  _ < | | | |___| |_| |
  |_| |_____|____/ |_|   |____/ |_/_/   \_\_| \_\|_| |_____|____/ 
                                                                  

TEST STARTED: thisIsASkippedTest
-------------------------------------------------------------------
12139 [main] INFO net.serenitybdd.core.Serenity - TEST NUMBER: 9
12139 [main] INFO net.serenitybdd.core.Serenity - TEST IGNORED
12140 [main] INFO net.serenitybdd.core.Serenity - 
            __  _____ _____ ____ _____   ____  _  _____ ____  ____  _____ ____  
  _        / / |_   _| ____/ ___|_   _| / ___|| |/ /_ _|  _ \|  _ \| ____|  _ \ 
 (_)_____ / /    | | |  _| \___ \ | |   \___ \| ' / | || |_) | |_) |  _| | | | |
  _|_____/ /     | | | |___ ___) || |    ___) | . \ | ||  __/|  __/| |___| |_| |
 (_)    /_/      |_| |_____|____/ |_|   |____/|_|\_\___|_|   |_|   |_____|____/ 
                                                                                

TEST SKIPPED: This is a skipped test
---------------------------------------------------------------------------------
]]></system-err>
  </testcase>
  <testcase name="thisIsAtestWithError" classname="com.studentapp.junit.studentsinfo.FirstSerenityTest" time="0.13">
    <error message="/ by zero" type="java.lang.ArithmeticException">java.lang.ArithmeticException: / by zero
	at com.studentapp.junit.studentsinfo.FirstSerenityTest.thisIsAtestWithError(FirstSerenityTest.java:62)
</error>
    <system-err><![CDATA[12272 [main] INFO net.serenitybdd.core.Serenity - 
 _____ _____ ____ _____   ____ _____  _    ____ _____ _____ ____  
|_   _| ____/ ___|_   _| / ___|_   _|/ \  |  _ \_   _| ____|  _ \ 
  | | |  _| \___ \ | |   \___ \ | | / _ \ | |_) || | |  _| | | | |
  | | | |___ ___) || |    ___) || |/ ___ \|  _ < | | | |___| |_| |
  |_| |_____|____/ |_|   |____/ |_/_/   \_\_| \_\|_| |_____|____/ 
                                                                  

TEST STARTED: thisIsAtestWithError
-------------------------------------------------------------------
12272 [main] INFO net.serenitybdd.core.Serenity - TEST NUMBER: 10
]]></system-err>
  </testcase>
  <testcase name="test01" classname="com.studentapp.junit.studentsinfo.FirstSerenityTest" time="0.25"/>
  <testcase name="thisIsAPendingTest" classname="com.studentapp.junit.studentsinfo.FirstSerenityTest" time="0">
    <skipped/>
    <system-err><![CDATA[12494 [main] INFO net.serenitybdd.core.Serenity - 
        __    _____ _____ ____ _____   ____   _    ____  ____  _____ ____  
  _     \ \  |_   _| ____/ ___|_   _| |  _ \ / \  / ___|/ ___|| ____|  _ \ 
 (_)_____| |   | | |  _| \___ \ | |   | |_) / _ \ \___ \\___ \|  _| | | | |
  _|_____| |   | | | |___ ___) || |   |  __/ ___ \ ___) |___) | |___| |_| |
 (_)     | |   |_| |_____|____/ |_|   |_| /_/   \_\____/|____/|_____|____/ 
        /_/                                                                

TEST PASSED: This test will get the information of all the students from the Student App
----------------------------------------------------------------------------
12704 [main] INFO net.serenitybdd.core.Serenity - 
 _____ _____ ____ _____   ____ _____  _    ____ _____ _____ ____  
|_   _| ____/ ___|_   _| / ___|_   _|/ \  |  _ \_   _| ____|  _ \ 
  | | |  _| \___ \ | |   \___ \ | | / _ \ | |_) || | |  _| | | | |
  | | | |___ ___) || |    ___) || |/ ___ \|  _ < | | | |___| |_| |
  |_| |_____|____/ |_|   |____/ |_/_/   \_\_| \_\|_| |_____|____/ 
                                                                  

TEST STARTED: thisIsAPendingTest
-------------------------------------------------------------------
12704 [main] INFO net.serenitybdd.core.Serenity - TEST NUMBER: 12
12704 [main] INFO net.serenitybdd.core.Serenity - TEST PENDING
12706 [main] INFO net.serenitybdd.core.Serenity - 
          __  _____ _____ ____ _____   ____  _____ _   _ ____ ___ _   _  ____ 
 _       / / |_   _| ____/ ___|_   _| |  _ \| ____| \ | |  _ \_ _| \ | |/ ___|
(_)____ / /    | | |  _| \___ \ | |   | |_) |  _| |  \| | | | | ||  \| | |  _ 
 |_____/ /     | | | |___ ___) || |   |  __/| |___| |\  | |_| | || |\  | |_| |
(_)   /_/      |_| |_____|____/ |_|   |_|   |_____|_| \_|____/___|_| \_|\____|
                                                                                

TEST PENDING: This is a pending test
---------------------------------------------------------------------------------
]]></system-err>
  </testcase>
  <testcase name="thisIsAManualTest" classname="com.studentapp.junit.studentsinfo.FirstSerenityTest" time="0">
    <skipped/>
    <system-err><![CDATA[12888 [main] INFO net.serenitybdd.core.Serenity - 
 _____ _____ ____ _____   ____ _____  _    ____ _____ _____ ____  
|_   _| ____/ ___|_   _| / ___|_   _|/ \  |  _ \_   _| ____|  _ \ 
  | | |  _| \___ \ | |   \___ \ | | / _ \ | |_) || | |  _| | | | |
  | | | |___ ___) || |    ___) || |/ ___ \|  _ < | | | |___| |_| |
  |_| |_____|____/ |_|   |____/ |_/_/   \_\_| \_\|_| |_____|____/ 
                                                                  

TEST STARTED: thisIsAManualTest
-------------------------------------------------------------------
12888 [main] INFO net.serenitybdd.core.Serenity - TEST NUMBER: 13
12888 [main] INFO net.serenitybdd.core.Serenity - TEST MANUAL
12888 [main] INFO net.serenitybdd.core.Serenity - TEST PENDING
12888 [main] INFO net.serenitybdd.core.Serenity - 
          __  _____ _____ ____ _____   ____  _____ _   _ ____ ___ _   _  ____ 
 _       / / |_   _| ____/ ___|_   _| |  _ \| ____| \ | |  _ \_ _| \ | |/ ___|
(_)____ / /    | | |  _| \___ \ | |   | |_) |  _| |  \| | | | | ||  \| | |  _ 
 |_____/ /     | | | |___ ___) || |   |  __/| |___| |\  | |_| | || |\  | |_| |
(_)   /_/      |_| |_____|____/ |_|   |_|   |_____|_| \_|____/___|_| \_|\____|
                                                                                

TEST PENDING: This is a manual test
---------------------------------------------------------------------------------
]]></system-err>
  </testcase>
  <testcase name="thisIsaFailing" classname="com.studentapp.junit.studentsinfo.FirstSerenityTest" time="0.204">
    <failure message="1 expectation failed.&#10;Expected status code &lt;500&gt; but was &lt;200&gt;.&#10;" type="java.lang.AssertionError"><![CDATA[java.lang.AssertionError: 1 expectation failed.
Expected status code <500> but was <200>.

	at sun.reflect.NativeConstructorAccessorImpl.newInstance0(Native Method)
	at sun.reflect.NativeConstructorAccessorImpl.newInstance(NativeConstructorAccessorImpl.java:62)
	at sun.reflect.DelegatingConstructorAccessorImpl.newInstance(DelegatingConstructorAccessorImpl.java:45)
	at java.lang.reflect.Constructor.newInstance(Constructor.java:423)
	at org.codehaus.groovy.reflection.CachedConstructor.invoke(CachedConstructor.java:83)
	at org.codehaus.groovy.reflection.CachedConstructor.doConstructorInvoke(CachedConstructor.java:77)
	at org.codehaus.groovy.runtime.callsite.ConstructorSite$ConstructorSiteNoUnwrap.callConstructor(ConstructorSite.java:84)
	at org.codehaus.groovy.runtime.callsite.AbstractCallSite.callConstructor(AbstractCallSite.java:247)
	at io.restassured.internal.ResponseSpecificationImpl$HamcrestAssertionClosure.validate(ResponseSpecificationImpl.groovy:471)
	at io.restassured.internal.ResponseSpecificationImpl$HamcrestAssertionClosure$validate$1.call(Unknown Source)
	at io.restassured.internal.ResponseSpecificationImpl.validateResponseIfRequired(ResponseSpecificationImpl.groovy:636)
	at sun.reflect.NativeMethodAccessorImpl.invoke0(Native Method)
	at sun.reflect.NativeMethodAccessorImpl.invoke(NativeMethodAccessorImpl.java:62)
	at sun.reflect.DelegatingMethodAccessorImpl.invoke(DelegatingMethodAccessorImpl.java:43)
	at java.lang.reflect.Method.invoke(Method.java:498)
	at org.codehaus.groovy.runtime.callsite.PogoMetaMethodSite$PogoCachedMethodSiteNoUnwrapNoCoerce.invoke(PogoMetaMethodSite.java:210)
	at org.codehaus.groovy.runtime.callsite.PogoMetaMethodSite.callCurrent(PogoMetaMethodSite.java:59)
	at org.codehaus.groovy.runtime.callsite.AbstractCallSite.callCurrent(AbstractCallSite.java:166)
	at io.restassured.internal.ResponseSpecificationImpl.statusCode(ResponseSpecificationImpl.groovy:122)
	at io.restassured.specification.ResponseSpecification$statusCode$0.callCurrent(Unknown Source)
	at io.restassured.internal.ResponseSpecificationImpl.statusCode(ResponseSpecificationImpl.groovy:130)
	at io.restassured.internal.ValidatableResponseOptionsImpl.statusCode(ValidatableResponseOptionsImpl.java:117)
	at com.studentapp.junit.studentsinfo.FirstSerenityTest.thisIsaFailing(FirstSerenityTest.java:44)
]]></failure>
    <system-err><![CDATA[13071 [main] INFO net.serenitybdd.core.Serenity - 
 _____ _____ ____ _____   ____ _____  _    ____ _____ _____ ____  
|_   _| ____/ ___|_   _| / ___|_   _|/ \  |  _ \_   _| ____|  _ \ 
  | | |  _| \___ \ | |   \___ \ | | / _ \ | |_) || | |  _| | | | |
  | | | |___ ___) || |    ___) || |/ ___ \|  _ < | | | |___| |_| |
  |_| |_____|____/ |_|   |____/ |_/_/   \_\_| \_\|_| |_____|____/ 
                                                                  

TEST STARTED: thisIsaFailing
-------------------------------------------------------------------
13071 [main] INFO net.serenitybdd.core.Serenity - TEST NUMBER: 14
]]></system-err>
  </testcase>
  <testcase name="fileDoesNotExist" classname="com.studentapp.junit.studentsinfo.FirstSerenityTest" time="0.163">
    <error message="E:\file.txt (The device is not ready)" type="java.io.FileNotFoundException"><![CDATA[java.io.FileNotFoundException: E:\file.txt (The device is not ready)
	at java.io.FileInputStream.open0(Native Method)
	at java.io.FileInputStream.open(FileInputStream.java:195)
	at java.io.FileInputStream.<init>(FileInputStream.java:138)
	at java.io.FileReader.<init>(FileReader.java:72)
	at com.studentapp.junit.studentsinfo.FirstSerenityTest.fileDoesNotExist(FirstSerenityTest.java:69)
]]></error>
    <system-err><![CDATA[13108 [main] ERROR net.serenitybdd.core.Serenity - 
           __  _____ _____ ____ _____   _____ _    ___ _     _____ ____  
  _       / / |_   _| ____/ ___|_   _| |  ___/ \  |_ _| |   | ____|  _ \ 
 (_)_____| |    | | |  _| \___ \ | |   | |_ / _ \  | || |   |  _| | | | |
  _|_____| |    | | | |___ ___) || |   |  _/ ___ \ | || |___| |___| |_| |
 (_)     | |    |_| |_____|____/ |_|   |_|/_/   \_\___|_____|_____|____/ 
          \_\                                                            

TEST FAILED: This isa failing
--------------------------------------------------------------------------
13110 [main] ERROR net.serenitybdd.core.Serenity - 1 expectation failed.Expected status code <500> but was <200>.
13271 [main] INFO net.serenitybdd.core.Serenity - 
 _____ _____ ____ _____   ____ _____  _    ____ _____ _____ ____  
|_   _| ____/ ___|_   _| / ___|_   _|/ \  |  _ \_   _| ____|  _ \ 
  | | |  _| \___ \ | |   \___ \ | | / _ \ | |_) || | |  _| | | | |
  | | | |___ ___) || |    ___) || |/ ___ \|  _ < | | | |___| |_| |
  |_| |_____|____/ |_|   |____/ |_/_/   \_\_| \_\|_| |_____|____/ 
                                                                  

TEST STARTED: fileDoesNotExist
-------------------------------------------------------------------
13272 [main] INFO net.serenitybdd.core.Serenity - TEST NUMBER: 15
]]></system-err>
  </testcase>
  <testcase name="getAllStudents" classname="com.studentapp.junit.studentsinfo.FirstSerenityTest" time="0.227"/>
</testsuite>